<?xml version="1.0" encoding="UTF-8"?>
<testsuite xmlns:xsi="http://www.w3.org/2001/XMLSchema-instance" xsi:noNamespaceSchemaLocation="https://maven.apache.org/surefire/maven-surefire-plugin/xsd/surefire-test-report-3.0.xsd" version="3.0" name="br.com.agenda.aplicacao.AgendaTest" time="0.128" tests="2" errors="0" skipped="0" failures="1">
  <properties>
[...]
</properties>
  <testcase name="testeDeFalhaProposital" classname="br.com.agenda.aplicacao.AgendaTest" time="0.062">
    <failure message="O valor deveria ser 10, mas foi 5 ==&gt; expected: &lt;10&gt; but was: &lt;5&gt;" type="org.opentest4j.AssertionFailedError"><![CDATA[org.opentest4j.AssertionFailedError: O valor deveria ser 10, mas foi 5 ==> expected: <10> but was: <5>
	at org.junit.jupiter.api.AssertionFailureBuilder.build(AssertionFailureBuilder.java:151)
	at org.junit.jupiter.api.AssertionFailureBuilder.buildAndThrow(AssertionFailureBuilder.java:132)
	at org.junit.jupiter.api.AssertEquals.failNotEqual(AssertEquals.java:197)
	at org.junit.jupiter.api.AssertEquals.assertEquals(AssertEquals.java:150)
	at org.junit.jupiter.api.Assertions.assertEquals(Assertions.java:563)
	at br.com.agenda.aplicacao.AgendaTest.testeDeFalhaProposital(AgendaTest.java:18)
	at java.base/java.lang.reflect.Method.invoke(Method.java:565)
	at java.base/java.util.ArrayList.forEach(ArrayList.java:1612)
	at java.base/java.util.ArrayList.forEach(ArrayList.java:1612)
]]></failure>
    <system-out><![CDATA[Executando teste que falha para a atividade...
]]></system-out>
  </testcase>
  <testcase name="testeDeSucesso" classname="br.com.agenda.aplicacao.AgendaTest" time="0.004">
    <system-out><![CDATA[Executando teste que passa...
]]></system-out>
  </testcase>
</testsuite>